<?xml version="1.0" encoding="UTF-8"?>
<!-- Generated by org.testng.reporters.JUnitReportReporter -->
<testsuite hostname="DESKTOP-G8HSDBH" failures="0" tests="1" name="com.MedicareRestAssuredTestScripts.GETCategory2_ProdutcsTest" time="2.074" errors="0" timestamp="2023-03-27T20:50:44 IST" skipped="0">
  <testcase classname="com.MedicareRestAssuredTestScripts.GETCategory2_ProdutcsTest" name="verifyProducts" time="2.074"/>
  <system-out/>
</testsuite> <!-- com.MedicareRestAssuredTestScripts.GETCategory2_ProdutcsTest -->
