<?xml version="1.0" encoding="UTF-8"?>
<!-- Generated by org.testng.reporters.JUnitReportReporter -->
<testsuite hostname="DESKTOP-G8HSDBH" failures="0" tests="1" name="com.MedicareRestAssuredTestScripts.GETCategory2_ProdutcsTest" time="1.876" errors="0" timestamp="2023-03-28T19:00:44 IST" skipped="0">
  <testcase classname="com.MedicareRestAssuredTestScripts.GETCategory2_ProdutcsTest" name="verifyProducts" time="1.876"/>
  <system-out/>
</testsuite> <!-- com.MedicareRestAssuredTestScripts.GETCategory2_ProdutcsTest -->
