<?xml version="1.0" encoding="UTF-8"?>
<!-- Generated by org.testng.reporters.JUnitReportReporter -->
<testsuite hostname="DESKTOP-G8HSDBH" failures="0" tests="1" name="com.MedicareRestAssuredTestScripts.GetAllProductsTest" time="2.379" errors="0" timestamp="2023-03-28T18:59:19 IST" skipped="0">
  <testcase classname="com.MedicareRestAssuredTestScripts.GetAllProductsTest" name="verifyStatusCode" time="2.379"/>
  <system-out/>
</testsuite> <!-- com.MedicareRestAssuredTestScripts.GetAllProductsTest -->
