<?xml version="1.0" encoding="UTF-8"?>
<!-- Generated by org.testng.reporters.JUnitReportReporter -->
<testsuite hostname="DESKTOP-G8HSDBH" failures="0" tests="1" name="in.SwiggyApp.Testscripts.BookVaccinationTest" time="4.321" errors="0" timestamp="2022-12-29T17:49:59 IST" skipped="0">
  <testcase classname="in.SwiggyApp.Testscripts.BookVaccinationTest" name="BookVaccinationTest" time="4.321"/>
  <system-out/>
</testsuite> <!-- in.SwiggyApp.Testscripts.BookVaccinationTest -->
