<?xml version="1.0" encoding="UTF-8"?>
<!-- Generated by org.testng.reporters.JUnitReportReporter -->
<testsuite hostname="DESKTOP-G8HSDBH" failures="0" tests="1" name="com.simplilearn.testscripts.Driver" time="13.377" errors="0" timestamp="2023-02-02T18:02:27 IST" skipped="0">
  <testcase classname="com.simplilearn.testscripts.Driver" name="init" time="13.377"/>
  <system-out/>
</testsuite> <!-- com.simplilearn.testscripts.Driver -->
