<?xml version="1.0" encoding="UTF-8"?>
<!-- Generated by org.testng.reporters.JUnitReportReporter -->
<testsuite hostname="DESKTOP-G8HSDBH" failures="0" tests="1" name="com.simplilearntestscripts.buySimplilearnCoursesSteps" time="11.409" errors="0" timestamp="2023-02-02T12:22:03 IST" skipped="0">
  <testcase classname="com.simplilearntestscripts.buySimplilearnCoursesSteps" name="launchApp" time="11.409"/>
  <system-out/>
</testsuite> <!-- com.simplilearntestscripts.buySimplilearnCoursesSteps -->
