<?xml version="1.0" encoding="UTF-8"?>
<!-- Generated by org.testng.reporters.JUnitReportReporter -->
<testsuite hostname="DESKTOP-G8HSDBH" failures="0" tests="1" name="com.flipkart.testscripts.Driver" time="4.998" errors="0" timestamp="2023-01-31T18:53:11 IST" skipped="0">
  <testcase classname="com.flipkart.testscripts.Driver" name="init" time="4.998"/>
  <system-out/>
</testsuite> <!-- com.flipkart.testscripts.Driver -->
