<?xml version="1.0" encoding="UTF-8"?>
<!-- Generated by org.testng.reporters.JUnitReportReporter -->
<testsuite hostname="DESKTOP-G8HSDBH" failures="0" tests="1" name="com.medicare.testscripts.Driver" time="15.497" errors="0" timestamp="2023-03-23T20:00:51 IST" skipped="0">
  <testcase classname="com.medicare.testscripts.Driver" name="init" time="15.497"/>
  <system-out/>
</testsuite> <!-- com.medicare.testscripts.Driver -->
